Arguments: 
  /usr/bin/node /usr/share/yarn/bin/yarn.js add typescript^3.9

PATH: 
  /home/karim/.npm-global/bin:/usr/local/sbin:/usr/local/bin:/usr/sbin:/usr/bin:/sbin:/bin:/usr/games:/usr/local/games:/snap/bin

Yarn version: 
  1.22.5

Node version: 
  16.3.0

Platform: 
  linux x64

Trace: 
  Error: https://registry.yarnpkg.com/typescript%5E3.9: Not found
      at Request.params.callback [as _callback] (/usr/share/yarn/lib/cli.js:66988:18)
      at Request.self.callback (/usr/share/yarn/lib/cli.js:140749:22)
      at Request.emit (node:events:394:28)
      at Request.<anonymous> (/usr/share/yarn/lib/cli.js:141721:10)
      at Request.emit (node:events:394:28)
      at IncomingMessage.<anonymous> (/usr/share/yarn/lib/cli.js:141643:12)
      at Object.onceWrapper (node:events:513:28)
      at IncomingMessage.emit (node:events:406:35)
      at endReadableNT (node:internal/streams/readable:1329:12)
      at processTicksAndRejections (node:internal/process/task_queues:83:21)

npm manifest: 
  {
    "name": "typegraphql",
    "version": "1.0.0",
    "description": "",
    "main": "index.js",
    "scripts": {
      "test": "echo \"Error: no test specified\" && exit 1",
      "init": "tsc --init",
      "start": "ts-node-dev typegraphql.ts"
    },
    "author": "",
    "license": "ISC",
    "dependencies": {
      "apollo-server": "^2.25.2",
      "class-validator": "^0.13.1",
      "graphql": "^15.5.1",
      "reflect-metadata": "^0.1.13",
      "ts-node-dev": "^1.1.7",
      "type-graphql": "^1.1.1"
    }
  }

yarn manifest: 
  No manifest

Lockfile: 
  No lockfile
